#
# There is insufficient memory for the Java Runtime Environment to continue.
# Native memory allocation (malloc) failed to allocate 1816512 bytes for Chunk::new
# Possible reasons:
#   The system is out of physical RAM or swap space
#   The process is running with CompressedOops enabled, and the Java Heap may be blocking the growth of the native heap
# Possible solutions:
#   Reduce memory load on the system
#   Increase physical memory or swap space
#   Check if swap backing store is full
#   Decrease Java heap size (-Xmx/-Xms)
#   Decrease number of Java threads
#   Decrease Java thread stack sizes (-Xss)
#   Set larger code cache with -XX:ReservedCodeCacheSize=
#   JVM is running with Unscaled Compressed Oops mode in which the Java heap is
#     placed in the first 4GB address space. The Java Heap base address is the
#     maximum limit for the native heap growth. Please use -XX:HeapBaseMinAddress
#     to set the Java Heap base and to place the Java Heap above 4GB virtual address.
# This output file may be truncated or incomplete.
#
#  Out of Memory Error (arena.cpp:189), pid=44160, tid=56124
#
# JRE version: Java(TM) SE Runtime Environment (17.0.5+9) (build 17.0.5+9-LTS-191)
# Java VM: Java HotSpot(TM) 64-Bit Server VM (17.0.5+9-LTS-191, mixed mode, sharing, tiered, compressed oops, compressed class ptrs, g1 gc, windows-amd64)
# No core dump will be written. Minidumps are not enabled by default on client versions of Windows
#

---------------  S U M M A R Y ------------

Command Line: -Dorg.jetbrains.run.directory=C:\Users\intel\IdeaProjects\Cucumber-framework-MorgageApplication\src\test\resources -javaagent:C:\Program Files\JetBrains\IntelliJ IDEA Community Edition 2022.3.1\lib\idea_rt.jar=64352:C:\Program Files\JetBrains\IntelliJ IDEA Community Edition 2022.3.1\bin -Dfile.encoding=UTF-8 io.cucumber.core.cli.Main --plugin org.jetbrains.plugins.cucumber.java.run.CucumberJvm5SMFormatter --name ^Fill Credit Report page$ --glue stepDefinitions C:/Users/intel/IdeaProjects/Cucumber-framework-MorgageApplication/src/test/resources/CreditReport.feature

Host: Intel(R) Core(TM) i5-8400 CPU @ 2.80GHz, 6 cores, 7G,  Windows 10 , 64 bit Build 19041 (10.0.19041.3155)
Time: Fri Aug  4 10:09:27 2023 Central Daylight Time elapsed time: 14.181330 seconds (0d 0h 0m 14s)

---------------  T H R E A D  ---------------

Current thread (0x0000020d7ec440b0):  JavaThread "C2 CompilerThread0" daemon [_thread_in_native, id=56124, stack(0x000000e393400000,0x000000e393500000)]


Current CompileTask:
C2:  14181 2261       4       jdk.internal.org.objectweb.asm.Frame::execute (2305 bytes)

Stack: [0x000000e393400000,0x000000e393500000]
Native frames: (J=compiled Java code, j=interpreted, Vv=VM code, C=native code)
V  [jvm.dll+0x672eea]
V  [jvm.dll+0x7d2a04]
V  [jvm.dll+0x7d41ae]
V  [jvm.dll+0x7d4813]
V  [jvm.dll+0x242c15]
V  [jvm.dll+0xaa57b]
V  [jvm.dll+0xaab0c]
V  [jvm.dll+0x35ff97]
V  [jvm.dll+0x32a631]
V  [jvm.dll+0x329ada]
V  [jvm.dll+0x215cc1]
V  [jvm.dll+0x2150e1]
V  [jvm.dll+0x1a18ed]
V  [jvm.dll+0x22493a]
V  [jvm.dll+0x222aa5]
V  [jvm.dll+0x7885db]
V  [jvm.dll+0x782b4a]
V  [jvm.dll+0x671d75]
C  [ucrtbase.dll+0x21bb2]
C  [KERNEL32.DLL+0x17614]
C  [ntdll.dll+0x526b1]


---------------  P R O C E S S  ---------------

Threads class SMR info:
_java_thread_list=0x0000020d0f312cc0, length=24, elements={
0x0000020d6ff3adf0, 0x0000020d7ec249f0, 0x0000020d7ec25470, 0x0000020d7ec37380,
0x0000020d7ec38e60, 0x0000020d7ec3bc40, 0x0000020d7ec3f700, 0x0000020d7ec440b0,
0x0000020d7ec4d690, 0x0000020d7ec5fb90, 0x0000020d7ec0e6e0, 0x0000020d7fa1f4b0,
0x0000020d0f0d11e0, 0x0000020d0faf4aa0, 0x0000020d0fb3a020, 0x0000020d0fb5d2a0,
0x0000020d0ff7e190, 0x0000020d0ff7e660, 0x0000020d0fdde9f0, 0x0000020d0fdde520,
0x0000020d0fddeec0, 0x0000020d0fddf390, 0x0000020d0fddf860, 0x0000020d0fddbea0
}

Java Threads: ( => current thread )
  0x0000020d6ff3adf0 JavaThread "Forwarding findElement on session c847ad3170096e7397a4932c15beae22 to remote" [_thread_blocked, id=32516, stack(0x000000e392700000,0x000000e392800000)]
  0x0000020d7ec249f0 JavaThread "Reference Handler" daemon [_thread_blocked, id=26288, stack(0x000000e392e00000,0x000000e392f00000)]
  0x0000020d7ec25470 JavaThread "Finalizer" daemon [_thread_blocked, id=63940, stack(0x000000e392f00000,0x000000e393000000)]
  0x0000020d7ec37380 JavaThread "Signal Dispatcher" daemon [_thread_blocked, id=24428, stack(0x000000e393000000,0x000000e393100000)]
  0x0000020d7ec38e60 JavaThread "Attach Listener" daemon [_thread_blocked, id=62240, stack(0x000000e393100000,0x000000e393200000)]
  0x0000020d7ec3bc40 JavaThread "Service Thread" daemon [_thread_blocked, id=67080, stack(0x000000e393200000,0x000000e393300000)]
  0x0000020d7ec3f700 JavaThread "Monitor Deflation Thread" daemon [_thread_blocked, id=7852, stack(0x000000e393300000,0x000000e393400000)]
=>0x0000020d7ec440b0 JavaThread "C2 CompilerThread0" daemon [_thread_in_native, id=56124, stack(0x000000e393400000,0x000000e393500000)]
  0x0000020d7ec4d690 JavaThread "C1 CompilerThread0" daemon [_thread_blocked, id=59112, stack(0x000000e393500000,0x000000e393600000)]
  0x0000020d7ec5fb90 JavaThread "Sweeper thread" daemon [_thread_blocked, id=58152, stack(0x000000e393600000,0x000000e393700000)]
  0x0000020d7ec0e6e0 JavaThread "Common-Cleaner" daemon [_thread_blocked, id=65420, stack(0x000000e393700000,0x000000e393800000)]
  0x0000020d7fa1f4b0 JavaThread "Monitor Ctrl-Break" daemon [_thread_in_native, id=65644, stack(0x000000e393800000,0x000000e393900000)]
  0x0000020d0f0d11e0 JavaThread "Notification Thread" daemon [_thread_blocked, id=60712, stack(0x000000e393900000,0x000000e393a00000)]
  0x0000020d0faf4aa0 JavaThread "ForkJoinPool.commonPool-worker-1" daemon [_thread_blocked, id=4116, stack(0x000000e393b00000,0x000000e393c00000)]
  0x0000020d0fb3a020 JavaThread "AsyncHttpClient-1-1" daemon [_thread_blocked, id=63308, stack(0x000000e394100000,0x000000e394200000)]
  0x0000020d0fb5d2a0 JavaThread "Exec Default Executor" daemon [_thread_in_native, id=61784, stack(0x000000e394200000,0x000000e394300000)]
  0x0000020d0ff7e190 JavaThread "Exec Stream Pumper" daemon [_thread_in_native, id=47248, stack(0x000000e394300000,0x000000e394400000)]
  0x0000020d0ff7e660 JavaThread "Exec Stream Pumper" daemon [_thread_in_native, id=58576, stack(0x000000e394400000,0x000000e394500000)]
  0x0000020d0fdde9f0 JavaThread "Driver Service Executor" daemon [_thread_blocked, id=26572, stack(0x000000e394500000,0x000000e394600000)]
  0x0000020d0fdde520 JavaThread "Driver Service Executor" daemon [_thread_blocked, id=61108, stack(0x000000e394600000,0x000000e394700000)]
  0x0000020d0fddeec0 JavaThread "UrlChecker-2" daemon [_thread_blocked, id=6160, stack(0x000000e394700000,0x000000e394800000)]
  0x0000020d0fddf390 JavaThread "AsyncHttpClient-1-2" daemon [_thread_in_native, id=61840, stack(0x000000e394a00000,0x000000e394b00000)]
  0x0000020d0fddf860 JavaThread "AsyncHttpClient-1-3" daemon [_thread_in_native, id=63796, stack(0x000000e394900000,0x000000e394a00000)]
  0x0000020d0fddbea0 JavaThread "AsyncHttpClient-1-4" daemon [_thread_in_native, id=37200, stack(0x000000e394b00000,0x000000e394c00000)]

Other Threads:
  0x0000020d7ec1fdf0 VMThread "VM Thread" [stack: 0x000000e392d00000,0x000000e392e00000] [id=48872]
  0x0000020d6ffb4040 WatcherThread [stack: 0x000000e393a00000,0x000000e393b00000] [id=61828]
  0x0000020d6ff95320 GCTaskThread "GC Thread#0" [stack: 0x000000e392800000,0x000000e392900000] [id=55404]
  0x0000020d0f969640 GCTaskThread "GC Thread#1" [stack: 0x000000e393c00000,0x000000e393d00000] [id=37116]
  0x0000020d0fb19c40 GCTaskThread "GC Thread#2" [stack: 0x000000e393d00000,0x000000e393e00000] [id=56752]
  0x0000020d0f9e5c40 GCTaskThread "GC Thread#3" [stack: 0x000000e393e00000,0x000000e393f00000] [id=58680]
  0x0000020d0fb0bc90 GCTaskThread "GC Thread#4" [stack: 0x000000e393f00000,0x000000e394000000] [id=34812]
  0x0000020d0fb0df50 GCTaskThread "GC Thread#5" [stack: 0x000000e394000000,0x000000e394100000] [id=66364]
  0x0000020d6ddddf80 ConcurrentGCThread "G1 Main Marker" [stack: 0x000000e392900000,0x000000e392a00000] [id=65552]
  0x0000020d6ddde990 ConcurrentGCThread "G1 Conc#0" [stack: 0x000000e392a00000,0x000000e392b00000] [id=35844]
  0x0000020d6fffe600 ConcurrentGCThread "G1 Refine#0" [stack: 0x000000e392b00000,0x000000e392c00000] [id=50340]
  0x0000020d6fffeb40 ConcurrentGCThread "G1 Service" [stack: 0x000000e392c00000,0x000000e392d00000] [id=63568]

Threads with active compile tasks:
C2 CompilerThread0    14224 2261       4       jdk.internal.org.objectweb.asm.Frame::execute (2305 bytes)

VM state: not at safepoint (normal execution)

VM Mutex/Monitor currently owned by a thread: None

Heap address: 0x0000000080c00000, size: 2036 MB, Compressed Oops mode: 32-bit

CDS archive(s) mapped at: [0x0000000800000000-0x0000000800bd0000-0x0000000800bd0000), size 12386304, SharedBaseAddress: 0x0000000800000000, ArchiveRelocationMode: 0.
Compressed class space mapped at: 0x0000000800c00000-0x0000000840c00000, reserved size: 1073741824
Narrow klass base: 0x0000000800000000, Narrow klass shift: 0, Narrow klass range: 0x100000000

GC Precious Log:
 CPUs: 6 total, 6 available
 Memory: 8143M
 Large Page Support: Disabled
 NUMA Support: Disabled
 Compressed Oops: Enabled (32-bit)
 Heap Region Size: 1M
 Heap Min Capacity: 8M
 Heap Initial Capacity: 128M
 Heap Max Capacity: 2036M
 Pre-touch: Disabled
 Parallel Workers: 6
 Concurrent Workers: 2
 Concurrent Refinement Workers: 6
 Periodic GC: Disabled

Heap:
 garbage-first heap   total 131072K, used 43242K [0x0000000080c00000, 0x0000000100000000)
  region size 1024K, 33 young (33792K), 4 survivors (4096K)
 Metaspace       used 20455K, committed 20672K, reserved 1073152K
  class space    used 2639K, committed 2752K, reserved 1048576K

Heap Regions: E=young(eden), S=young(survivor), O=old, HS=humongous(starts), HC=humongous(continues), CS=collection set, F=free, OA=open archive, CA=closed archive, TAMS=top-at-mark-start (previous, next)
|   0|0x0000000080c00000, 0x0000000080d00000, 0x0000000080d00000|100%| O|  |TAMS 0x0000000080c00000, 0x0000000080c00000| Untracked 
|   1|0x0000000080d00000, 0x0000000080e00000, 0x0000000080e00000|100%| O|  |TAMS 0x0000000080d00000, 0x0000000080d00000| Untracked 
|   2|0x0000000080e00000, 0x0000000080f00000, 0x0000000080f00000|100%| O|  |TAMS 0x0000000080e00000, 0x0000000080e00000| Untracked 
|   3|0x0000000080f00000, 0x0000000081000000, 0x0000000081000000|100%| O|  |TAMS 0x0000000080f00000, 0x0000000080f00000| Untracked 
|   4|0x0000000081000000, 0x0000000081100000, 0x0000000081100000|100%| O|  |TAMS 0x0000000081000000, 0x0000000081000000| Untracked 
|   5|0x0000000081100000, 0x00000000811a6c00, 0x0000000081200000| 65%| O|  |TAMS 0x0000000081100000, 0x0000000081100000| Untracked 
|   6|0x0000000081200000, 0x0000000081300000, 0x0000000081300000|100%|HS|  |TAMS 0x0000000081200000, 0x0000000081200000| Complete 
|   7|0x0000000081300000, 0x0000000081400000, 0x0000000081400000|100%|HC|  |TAMS 0x0000000081300000, 0x0000000081300000| Complete 
|   8|0x0000000081400000, 0x0000000081500000, 0x0000000081500000|100%|HC|  |TAMS 0x0000000081400000, 0x0000000081400000| Complete 
|   9|0x0000000081500000, 0x0000000081600000, 0x0000000081600000|100%|HC|  |TAMS 0x0000000081500000, 0x0000000081500000| Complete 
|  10|0x0000000081600000, 0x0000000081700000, 0x0000000081700000|100%|HC|  |TAMS 0x0000000081600000, 0x0000000081600000| Complete 
|  11|0x0000000081700000, 0x0000000081700000, 0x0000000081800000|  0%| F|  |TAMS 0x0000000081700000, 0x0000000081700000| Untracked 
|  12|0x0000000081800000, 0x0000000081800000, 0x0000000081900000|  0%| F|  |TAMS 0x0000000081800000, 0x0000000081800000| Untracked 
|  13|0x0000000081900000, 0x0000000081900000, 0x0000000081a00000|  0%| F|  |TAMS 0x0000000081900000, 0x0000000081900000| Untracked 
|  14|0x0000000081a00000, 0x0000000081a00000, 0x0000000081b00000|  0%| F|  |TAMS 0x0000000081a00000, 0x0000000081a00000| Untracked 
|  15|0x0000000081b00000, 0x0000000081b00000, 0x0000000081c00000|  0%| F|  |TAMS 0x0000000081b00000, 0x0000000081b00000| Untracked 
|  16|0x0000000081c00000, 0x0000000081c00000, 0x0000000081d00000|  0%| F|  |TAMS 0x0000000081c00000, 0x0000000081c00000| Untracked 
|  17|0x0000000081d00000, 0x0000000081d00000, 0x0000000081e00000|  0%| F|  |TAMS 0x0000000081d00000, 0x0000000081d00000| Untracked 
|  18|0x0000000081e00000, 0x0000000081e00000, 0x0000000081f00000|  0%| F|  |TAMS 0x0000000081e00000, 0x0000000081e00000| Untracked 
|  19|0x0000000081f00000, 0x0000000081f00000, 0x0000000082000000|  0%| F|  |TAMS 0x0000000081f00000, 0x0000000081f00000| Untracked 
|  20|0x0000000082000000, 0x0000000082000000, 0x0000000082100000|  0%| F|  |TAMS 0x0000000082000000, 0x0000000082000000| Untracked 
|  21|0x0000000082100000, 0x0000000082100000, 0x0000000082200000|  0%| F|  |TAMS 0x0000000082100000, 0x0000000082100000| Untracked 
|  22|0x0000000082200000, 0x0000000082200000, 0x0000000082300000|  0%| F|  |TAMS 0x0000000082200000, 0x0000000082200000| Untracked 
|  23|0x0000000082300000, 0x0000000082300000, 0x0000000082400000|  0%| F|  |TAMS 0x0000000082300000, 0x0000000082300000| Untracked 
|  24|0x0000000082400000, 0x0000000082400000, 0x0000000082500000|  0%| F|  |TAMS 0x0000000082400000, 0x0000000082400000| Untracked 
|  25|0x0000000082500000, 0x0000000082500000, 0x0000000082600000|  0%| F|  |TAMS 0x0000000082500000, 0x0000000082500000| Untracked 
|  26|0x0000000082600000, 0x0000000082600000, 0x0000000082700000|  0%| F|  |TAMS 0x0000000082600000, 0x0000000082600000| Untracked 
|  27|0x0000000082700000, 0x0000000082700000, 0x0000000082800000|  0%| F|  |TAMS 0x0000000082700000, 0x0000000082700000| Untracked 
|  28|0x0000000082800000, 0x0000000082800000, 0x0000000082900000|  0%| F|  |TAMS 0x0000000082800000, 0x0000000082800000| Untracked 
|  29|0x0000000082900000, 0x0000000082900000, 0x0000000082a00000|  0%| F|  |TAMS 0x0000000082900000, 0x0000000082900000| Untracked 
|  30|0x0000000082a00000, 0x0000000082a00000, 0x0000000082b00000|  0%| F|  |TAMS 0x0000000082a00000, 0x0000000082a00000| Untracked 
|  31|0x0000000082b00000, 0x0000000082b00000, 0x0000000082c00000|  0%| F|  |TAMS 0x0000000082b00000, 0x0000000082b00000| Untracked 
|  32|0x0000000082c00000, 0x0000000082c00000, 0x0000000082d00000|  0%| F|  |TAMS 0x0000000082c00000, 0x0000000082c00000| Untracked 
|  33|0x0000000082d00000, 0x0000000082d00000, 0x0000000082e00000|  0%| F|  |TAMS 0x0000000082d00000, 0x0000000082d00000| Untracked 
|  34|0x0000000082e00000, 0x0000000082e00000, 0x0000000082f00000|  0%| F|  |TAMS 0x0000000082e00000, 0x0000000082e00000| Untracked 
|  35|0x0000000082f00000, 0x0000000082f00000, 0x0000000083000000|  0%| F|  |TAMS 0x0000000082f00000, 0x0000000082f00000| Untracked 
|  36|0x0000000083000000, 0x0000000083000000, 0x0000000083100000|  0%| F|  |TAMS 0x0000000083000000, 0x0000000083000000| Untracked 
|  37|0x0000000083100000, 0x0000000083100000, 0x0000000083200000|  0%| F|  |TAMS 0x0000000083100000, 0x0000000083100000| Untracked 
|  38|0x0000000083200000, 0x0000000083200000, 0x0000000083300000|  0%| F|  |TAMS 0x0000000083200000, 0x0000000083200000| Untracked 
|  39|0x0000000083300000, 0x0000000083300000, 0x0000000083400000|  0%| F|  |TAMS 0x0000000083300000, 0x0000000083300000| Untracked 
|  40|0x0000000083400000, 0x0000000083400000, 0x0000000083500000|  0%| F|  |TAMS 0x0000000083400000, 0x0000000083400000| Untracked 
|  41|0x0000000083500000, 0x0000000083500000, 0x0000000083600000|  0%| F|  |TAMS 0x0000000083500000, 0x0000000083500000| Untracked 
|  42|0x0000000083600000, 0x0000000083600000, 0x0000000083700000|  0%| F|  |TAMS 0x0000000083600000, 0x0000000083600000| Untracked 
|  43|0x0000000083700000, 0x0000000083700000, 0x0000000083800000|  0%| F|  |TAMS 0x0000000083700000, 0x0000000083700000| Untracked 
|  44|0x0000000083800000, 0x0000000083800000, 0x0000000083900000|  0%| F|  |TAMS 0x0000000083800000, 0x0000000083800000| Untracked 
|  45|0x0000000083900000, 0x0000000083900000, 0x0000000083a00000|  0%| F|  |TAMS 0x0000000083900000, 0x0000000083900000| Untracked 
|  46|0x0000000083a00000, 0x0000000083a00000, 0x0000000083b00000|  0%| F|  |TAMS 0x0000000083a00000, 0x0000000083a00000| Untracked 
|  47|0x0000000083b00000, 0x0000000083b00000, 0x0000000083c00000|  0%| F|  |TAMS 0x0000000083b00000, 0x0000000083b00000| Untracked 
|  48|0x0000000083c00000, 0x0000000083c00000, 0x0000000083d00000|  0%| F|  |TAMS 0x0000000083c00000, 0x0000000083c00000| Untracked 
|  49|0x0000000083d00000, 0x0000000083d00000, 0x0000000083e00000|  0%| F|  |TAMS 0x0000000083d00000, 0x0000000083d00000| Untracked 
|  50|0x0000000083e00000, 0x0000000083e00000, 0x0000000083f00000|  0%| F|  |TAMS 0x0000000083e00000, 0x0000000083e00000| Untracked 
|  51|0x0000000083f00000, 0x0000000083f00000, 0x0000000084000000|  0%| F|  |TAMS 0x0000000083f00000, 0x0000000083f00000| Untracked 
|  52|0x0000000084000000, 0x0000000084000000, 0x0000000084100000|  0%| F|  |TAMS 0x0000000084000000, 0x0000000084000000| Untracked 
|  53|0x0000000084100000, 0x0000000084100000, 0x0000000084200000|  0%| F|  |TAMS 0x0000000084100000, 0x0000000084100000| Untracked 
|  54|0x0000000084200000, 0x0000000084200000, 0x0000000084300000|  0%| F|  |TAMS 0x0000000084200000, 0x0000000084200000| Untracked 
|  55|0x0000000084300000, 0x0000000084300000, 0x0000000084400000|  0%| F|  |TAMS 0x0000000084300000, 0x0000000084300000| Untracked 
|  56|0x0000000084400000, 0x0000000084400000, 0x0000000084500000|  0%| F|  |TAMS 0x0000000084400000, 0x0000000084400000| Untracked 
|  57|0x0000000084500000, 0x0000000084500000, 0x0000000084600000|  0%| F|  |TAMS 0x0000000084500000, 0x0000000084500000| Untracked 
|  58|0x0000000084600000, 0x0000000084600000, 0x0000000084700000|  0%| F|  |TAMS 0x0000000084600000, 0x0000000084600000| Untracked 
|  59|0x0000000084700000, 0x0000000084700000, 0x0000000084800000|  0%| F|  |TAMS 0x0000000084700000, 0x0000000084700000| Untracked 
|  60|0x0000000084800000, 0x0000000084800000, 0x0000000084900000|  0%| F|  |TAMS 0x0000000084800000, 0x0000000084800000| Untracked 
|  61|0x0000000084900000, 0x0000000084900000, 0x0000000084a00000|  0%| F|  |TAMS 0x0000000084900000, 0x0000000084900000| Untracked 
|  62|0x0000000084a00000, 0x0000000084a00000, 0x0000000084b00000|  0%| F|  |TAMS 0x0000000084a00000, 0x0000000084a00000| Untracked 
|  63|0x0000000084b00000, 0x0000000084b00000, 0x0000000084c00000|  0%| F|  |TAMS 0x0000000084b00000, 0x0000000084b00000| Untracked 
|  64|0x0000000084c00000, 0x0000000084c00000, 0x0000000084d00000|  0%| F|  |TAMS 0x0000000084c00000, 0x0000000084c00000| Untracked 
|  65|0x0000000084d00000, 0x0000000084d00000, 0x0000000084e00000|  0%| F|  |TAMS 0x0000000084d00000, 0x0000000084d00000| Untracked 
|  66|0x0000000084e00000, 0x0000000084e00000, 0x0000000084f00000|  0%| F|  |TAMS 0x0000000084e00000, 0x0000000084e00000| Untracked 
|  67|0x0000000084f00000, 0x0000000084f00000, 0x0000000085000000|  0%| F|  |TAMS 0x0000000084f00000, 0x0000000084f00000| Untracked 
|  68|0x0000000085000000, 0x0000000085000000, 0x0000000085100000|  0%| F|  |TAMS 0x0000000085000000, 0x0000000085000000| Untracked 
|  69|0x0000000085100000, 0x0000000085100000, 0x0000000085200000|  0%| F|  |TAMS 0x0000000085100000, 0x0000000085100000| Untracked 
|  70|0x0000000085200000, 0x0000000085200000, 0x0000000085300000|  0%| F|  |TAMS 0x0000000085200000, 0x0000000085200000| Untracked 
|  71|0x0000000085300000, 0x0000000085300000, 0x0000000085400000|  0%| F|  |TAMS 0x0000000085300000, 0x0000000085300000| Untracked 
|  72|0x0000000085400000, 0x0000000085400000, 0x0000000085500000|  0%| F|  |TAMS 0x0000000085400000, 0x0000000085400000| Untracked 
|  73|0x0000000085500000, 0x0000000085500000, 0x0000000085600000|  0%| F|  |TAMS 0x0000000085500000, 0x0000000085500000| Untracked 
|  74|0x0000000085600000, 0x0000000085600000, 0x0000000085700000|  0%| F|  |TAMS 0x0000000085600000, 0x0000000085600000| Untracked 
|  75|0x0000000085700000, 0x0000000085700000, 0x0000000085800000|  0%| F|  |TAMS 0x0000000085700000, 0x0000000085700000| Untracked 
|  76|0x0000000085800000, 0x0000000085800000, 0x0000000085900000|  0%| F|  |TAMS 0x0000000085800000, 0x0000000085800000| Untracked 
|  77|0x0000000085900000, 0x0000000085900000, 0x0000000085a00000|  0%| F|  |TAMS 0x0000000085900000, 0x0000000085900000| Untracked 
|  78|0x0000000085a00000, 0x0000000085a00000, 0x0000000085b00000|  0%| F|  |TAMS 0x0000000085a00000, 0x0000000085a00000| Untracked 
|  79|0x0000000085b00000, 0x0000000085b00000, 0x0000000085c00000|  0%| F|  |TAMS 0x0000000085b00000, 0x0000000085b00000| Untracked 
|  80|0x0000000085c00000, 0x0000000085c00000, 0x0000000085d00000|  0%| F|  |TAMS 0x0000000085c00000, 0x0000000085c00000| Untracked 
|  81|0x0000000085d00000, 0x0000000085d00000, 0x0000000085e00000|  0%| F|  |TAMS 0x0000000085d00000, 0x0000000085d00000| Untracked 
|  82|0x0000000085e00000, 0x0000000085e00000, 0x0000000085f00000|  0%| F|  |TAMS 0x0000000085e00000, 0x0000000085e00000| Untracked 
|  83|0x0000000085f00000, 0x0000000085f00000, 0x0000000086000000|  0%| F|  |TAMS 0x0000000085f00000, 0x0000000085f00000| Untracked 
|  84|0x0000000086000000, 0x0000000086000000, 0x0000000086100000|  0%| F|  |TAMS 0x0000000086000000, 0x0000000086000000| Untracked 
|  85|0x0000000086100000, 0x0000000086100000, 0x0000000086200000|  0%| F|  |TAMS 0x0000000086100000, 0x0000000086100000| Untracked 
|  86|0x0000000086200000, 0x0000000086200000, 0x0000000086300000|  0%| F|  |TAMS 0x0000000086200000, 0x0000000086200000| Untracked 
|  87|0x0000000086300000, 0x0000000086300000, 0x0000000086400000|  0%| F|  |TAMS 0x0000000086300000, 0x0000000086300000| Untracked 
|  88|0x0000000086400000, 0x0000000086400000, 0x0000000086500000|  0%| F|  |TAMS 0x0000000086400000, 0x0000000086400000| Untracked 
|  89|0x0000000086500000, 0x0000000086500000, 0x0000000086600000|  0%| F|  |TAMS 0x0000000086500000, 0x0000000086500000| Untracked 
|  90|0x0000000086600000, 0x0000000086600000, 0x0000000086700000|  0%| F|  |TAMS 0x0000000086600000, 0x0000000086600000| Untracked 
|  91|0x0000000086700000, 0x0000000086700000, 0x0000000086800000|  0%| F|  |TAMS 0x0000000086700000, 0x0000000086700000| Untracked 
|  92|0x0000000086800000, 0x0000000086800000, 0x0000000086900000|  0%| F|  |TAMS 0x0000000086800000, 0x0000000086800000| Untracked 
|  93|0x0000000086900000, 0x0000000086900000, 0x0000000086a00000|  0%| F|  |TAMS 0x0000000086900000, 0x0000000086900000| Untracked 
|  94|0x0000000086a00000, 0x0000000086a00000, 0x0000000086b00000|  0%| F|  |TAMS 0x0000000086a00000, 0x0000000086a00000| Untracked 
|  95|0x0000000086b00000, 0x0000000086b80800, 0x0000000086c00000| 50%| E|  |TAMS 0x0000000086b00000, 0x0000000086b00000| Complete 
|  96|0x0000000086c00000, 0x0000000086d00000, 0x0000000086d00000|100%| E|CS|TAMS 0x0000000086c00000, 0x0000000086c00000| Complete 
|  97|0x0000000086d00000, 0x0000000086e00000, 0x0000000086e00000|100%| E|CS|TAMS 0x0000000086d00000, 0x0000000086d00000| Complete 
|  98|0x0000000086e00000, 0x0000000086f00000, 0x0000000086f00000|100%| E|CS|TAMS 0x0000000086e00000, 0x0000000086e00000| Complete 
|  99|0x0000000086f00000, 0x0000000086f93c88, 0x0000000087000000| 57%| S|CS|TAMS 0x0000000086f00000, 0x0000000086f00000| Complete 
| 100|0x0000000087000000, 0x0000000087100000, 0x0000000087100000|100%| S|CS|TAMS 0x0000000087000000, 0x0000000087000000| Complete 
| 101|0x0000000087100000, 0x0000000087200000, 0x0000000087200000|100%| S|CS|TAMS 0x0000000087100000, 0x0000000087100000| Complete 
| 102|0x0000000087200000, 0x0000000087300000, 0x0000000087300000|100%| S|CS|TAMS 0x0000000087200000, 0x0000000087200000| Complete 
| 103|0x0000000087300000, 0x0000000087400000, 0x0000000087400000|100%| E|CS|TAMS 0x0000000087300000, 0x0000000087300000| Complete 
| 104|0x0000000087400000, 0x0000000087500000, 0x0000000087500000|100%| E|CS|TAMS 0x0000000087400000, 0x0000000087400000| Complete 
| 105|0x0000000087500000, 0x0000000087600000, 0x0000000087600000|100%| E|CS|TAMS 0x0000000087500000, 0x0000000087500000| Complete 
| 106|0x0000000087600000, 0x0000000087700000, 0x0000000087700000|100%| E|CS|TAMS 0x0000000087600000, 0x0000000087600000| Complete 
| 107|0x0000000087700000, 0x0000000087800000, 0x0000000087800000|100%| E|CS|TAMS 0x0000000087700000, 0x0000000087700000| Complete 
| 108|0x0000000087800000, 0x0000000087900000, 0x0000000087900000|100%| E|CS|TAMS 0x0000000087800000, 0x0000000087800000| Complete 
| 109|0x0000000087900000, 0x0000000087a00000, 0x0000000087a00000|100%| E|CS|TAMS 0x0000000087900000, 0x0000000087900000| Complete 
| 110|0x0000000087a00000, 0x0000000087b00000, 0x0000000087b00000|100%| E|CS|TAMS 0x0000000087a00000, 0x0000000087a00000| Complete 
| 111|0x0000000087b00000, 0x0000000087c00000, 0x0000000087c00000|100%| E|CS|TAMS 0x0000000087b00000, 0x0000000087b00000| Complete 
| 112|0x0000000087c00000, 0x0000000087d00000, 0x0000000087d00000|100%| E|CS|TAMS 0x0000000087c00000, 0x0000000087c00000| Complete 
| 113|0x0000000087d00000, 0x0000000087e00000, 0x0000000087e00000|100%| E|CS|TAMS 0x0000000087d00000, 0x0000000087d00000| Complete 
| 114|0x0000000087e00000, 0x0000000087f00000, 0x0000000087f00000|100%| E|CS|TAMS 0x0000000087e00000, 0x0000000087e00000| Complete 
| 115|0x0000000087f00000, 0x0000000088000000, 0x0000000088000000|100%| E|CS|TAMS 0x0000000087f00000, 0x0000000087f00000| Complete 
| 116|0x0000000088000000, 0x0000000088100000, 0x0000000088100000|100%| E|CS|TAMS 0x0000000088000000, 0x0000000088000000| Complete 
| 117|0x0000000088100000, 0x0000000088200000, 0x0000000088200000|100%| E|CS|TAMS 0x0000000088100000, 0x0000000088100000| Complete 
| 118|0x0000000088200000, 0x0000000088300000, 0x0000000088300000|100%| E|CS|TAMS 0x0000000088200000, 0x0000000088200000| Complete 
| 119|0x0000000088300000, 0x0000000088400000, 0x0000000088400000|100%| E|CS|TAMS 0x0000000088300000, 0x0000000088300000| Complete 
| 120|0x0000000088400000, 0x0000000088500000, 0x0000000088500000|100%| E|CS|TAMS 0x0000000088400000, 0x0000000088400000| Complete 
| 121|0x0000000088500000, 0x0000000088600000, 0x0000000088600000|100%| E|CS|TAMS 0x0000000088500000, 0x0000000088500000| Complete 
| 122|0x0000000088600000, 0x0000000088700000, 0x0000000088700000|100%| E|CS|TAMS 0x0000000088600000, 0x0000000088600000| Complete 
| 123|0x0000000088700000, 0x0000000088800000, 0x0000000088800000|100%| E|CS|TAMS 0x0000000088700000, 0x0000000088700000| Complete 
| 124|0x0000000088800000, 0x0000000088900000, 0x0000000088900000|100%| E|CS|TAMS 0x0000000088800000, 0x0000000088800000| Complete 
| 125|0x0000000088900000, 0x0000000088a00000, 0x0000000088a00000|100%| E|CS|TAMS 0x0000000088900000, 0x0000000088900000| Complete 
| 126|0x0000000088a00000, 0x0000000088b00000, 0x0000000088b00000|100%| E|CS|TAMS 0x0000000088a00000, 0x0000000088a00000| Complete 
| 127|0x0000000088b00000, 0x0000000088c00000, 0x0000000088c00000|100%| E|CS|TAMS 0x0000000088b00000, 0x0000000088b00000| Complete 

Card table byte_map: [0x0000020d77cb0000,0x0000020d780b0000] _byte_map_base: 0x0000020d778aa000

Marking Bits (Prev, Next): (CMBitMap*) 0x0000020d6ff95930, (CMBitMap*) 0x0000020d6ff95970
 Prev Bits: [0x0000020d784b0000, 0x0000020d7a480000)
 Next Bits: [0x0000020d7a480000, 0x0000020d7c450000)

Polling page: 0x0000020d6df20000

Metaspace:

Usage:
  Non-class:     17.40 MB used.
      Class:      2.58 MB used.
       Both:     19.98 MB used.

Virtual space:
  Non-class space:       24.00 MB reserved,      17.50 MB ( 73%) committed,  3 nodes.
      Class space:        1.00 GB reserved,       2.69 MB ( <1%) committed,  1 nodes.
             Both:        1.02 GB reserved,      20.19 MB (  2%) committed. 

Chunk freelists:
   Non-Class:  2.33 MB
       Class:  1.34 MB
        Both:  3.67 MB

MaxMetaspaceSize: unlimited
CompressedClassSpaceSize: 1.00 GB
Initial GC threshold: 21.00 MB
Current GC threshold: 21.00 MB
CDS: on
MetaspaceReclaimPolicy: balanced
 - commit_granule_bytes: 65536.
 - commit_granule_words: 8192.
 - virtual_space_node_default_size: 1048576.
 - enlarge_chunks_in_place: 1.
 - new_chunks_are_fully_committed: 0.
 - uncommit_free_chunks: 1.
 - use_allocation_guard: 0.
 - handle_deallocations: 1.


Internal statistics:

num_allocs_failed_limit: 0.
num_arena_births: 174.
num_arena_deaths: 0.
num_vsnodes_births: 4.
num_vsnodes_deaths: 0.
num_space_committed: 323.
num_space_uncommitted: 0.
num_chunks_returned_to_freelist: 0.
num_chunks_taken_from_freelist: 690.
num_chunk_merges: 0.
num_chunk_splits: 473.
num_chunks_enlarged: 391.
num_purges: 0.
num_inconsistent_stats: 0.

CodeHeap 'non-profiled nmethods': size=120000Kb used=901Kb max_used=901Kb free=119098Kb
 bounds [0x0000020d07ad0000, 0x0000020d07d40000, 0x0000020d0f000000]
CodeHeap 'profiled nmethods': size=120000Kb used=4301Kb max_used=4301Kb free=115698Kb
 bounds [0x0000020d005a0000, 0x0000020d009e0000, 0x0000020d07ad0000]
CodeHeap 'non-nmethods': size=5760Kb used=1264Kb max_used=1328Kb free=4495Kb
 bounds [0x0000020d00000000, 0x0000020d00270000, 0x0000020d005a0000]
 total_blobs=2845 nmethods=2271 adapters=486
 compilation: enabled
              stopped_count=0, restarted_count=0
 full_count=0

Compilation events (20 events):
Event: 14.109 Thread 0x0000020d7ec4d690 2264       3       sun.reflect.annotation.AnnotationInvocationHandler::invoke (178 bytes)
Event: 14.109 Thread 0x0000020d7ec4d690 nmethod 2264 0x0000020d009ccf90 code [0x0000020d009cd2a0, 0x0000020d009ce3e8]
Event: 14.110 Thread 0x0000020d7ec4d690 2265       3       java.util.regex.ASCII::isType (15 bytes)
Event: 14.110 Thread 0x0000020d7ec4d690 nmethod 2265 0x0000020d009ce910 code [0x0000020d009ceac0, 0x0000020d009cecf8]
Event: 14.110 Thread 0x0000020d7ec4d690 2266       3       java.util.regex.ASCII::getType (17 bytes)
Event: 14.110 Thread 0x0000020d7ec4d690 nmethod 2266 0x0000020d009cee10 code [0x0000020d009cefc0, 0x0000020d009cf158]
Event: 14.110 Thread 0x0000020d7ec4d690 2268       1       java.util.Formatter$FormatSpecifier::index (5 bytes)
Event: 14.110 Thread 0x0000020d7ec4d690 nmethod 2268 0x0000020d07bb1010 code [0x0000020d07bb11a0, 0x0000020d07bb1278]
Event: 14.110 Thread 0x0000020d7ec4d690 2269       3       java.util.regex.Pattern::range (294 bytes)
Event: 14.112 Thread 0x0000020d7ec4d690 nmethod 2269 0x0000020d009cf210 code [0x0000020d009cf680, 0x0000020d009d1558]
Event: 14.112 Thread 0x0000020d7ec4d690 2272       3       io.netty.util.AsciiString::equalsIgnoreCase (22 bytes)
Event: 14.112 Thread 0x0000020d7ec4d690 nmethod 2272 0x0000020d009d1f10 code [0x0000020d009d20e0, 0x0000020d009d25b8]
Event: 14.112 Thread 0x0000020d7ec4d690 2273       3       java.util.concurrent.atomic.AtomicIntegerFieldUpdater$AtomicIntegerFieldUpdaterImpl::accessCheck (17 bytes)
Event: 14.112 Thread 0x0000020d7ec4d690 nmethod 2273 0x0000020d009d2710 code [0x0000020d009d28c0, 0x0000020d009d2a88]
Event: 14.112 Thread 0x0000020d7ec4d690 2271       3       java.util.stream.ReduceOps$ReduceOp::<init> (10 bytes)
Event: 14.112 Thread 0x0000020d7ec4d690 nmethod 2271 0x0000020d009d2b90 code [0x0000020d009d2d20, 0x0000020d009d2ed8]
Event: 14.112 Thread 0x0000020d7ec4d690 2274       1       io.netty.channel.socket.nio.NioSocketChannel::config (5 bytes)
Event: 14.112 Thread 0x0000020d7ec4d690 nmethod 2274 0x0000020d07bb1310 code [0x0000020d07bb14a0, 0x0000020d07bb1578]
Event: 14.112 Thread 0x0000020d7ec4d690 2270       3       java.util.LinkedHashMap$LinkedHashIterator::<init> (31 bytes)
Event: 14.112 Thread 0x0000020d7ec4d690 nmethod 2270 0x0000020d009d2f90 code [0x0000020d009d3140, 0x0000020d009d3398]

GC Heap History (4 events):
Event: 0.781 GC heap before
{Heap before GC invocations=0 (full 0):
 garbage-first heap   total 131072K, used 20480K [0x0000000080c00000, 0x0000000100000000)
  region size 1024K, 21 young (21504K), 0 survivors (0K)
 Metaspace       used 5204K, committed 5440K, reserved 1056768K
  class space    used 661K, committed 768K, reserved 1048576K
}
Event: 0.785 GC heap after
{Heap after GC invocations=1 (full 0):
 garbage-first heap   total 131072K, used 5552K [0x0000000080c00000, 0x0000000100000000)
  region size 1024K, 3 young (3072K), 3 survivors (3072K)
 Metaspace       used 5204K, committed 5440K, reserved 1056768K
  class space    used 661K, committed 768K, reserved 1048576K
}
Event: 1.736 GC heap before
{Heap before GC invocations=1 (full 0):
 garbage-first heap   total 131072K, used 28080K [0x0000000080c00000, 0x0000000100000000)
  region size 1024K, 25 young (25600K), 3 survivors (3072K)
 Metaspace       used 13279K, committed 13504K, reserved 1064960K
  class space    used 1677K, committed 1792K, reserved 1048576K
}
Event: 1.741 GC heap after
{Heap after GC invocations=2 (full 0):
 garbage-first heap   total 131072K, used 9450K [0x0000000080c00000, 0x0000000100000000)
  region size 1024K, 4 young (4096K), 4 survivors (4096K)
 Metaspace       used 13279K, committed 13504K, reserved 1064960K
  class space    used 1677K, committed 1792K, reserved 1048576K
}

Deoptimization events (20 events):
Event: 1.761 Thread 0x0000020d6ff3adf0 DEOPT PACKING pc=0x0000020d07b6457c sp=0x000000e3927fb740
Event: 1.761 Thread 0x0000020d6ff3adf0 DEOPT UNPACKING pc=0x0000020d000523a3 sp=0x000000e3927fb688 mode 2
Event: 1.769 Thread 0x0000020d6ff3adf0 DEOPT PACKING pc=0x0000020d007fb0c3 sp=0x000000e3927fb720
Event: 1.769 Thread 0x0000020d6ff3adf0 DEOPT UNPACKING pc=0x0000020d00052b43 sp=0x000000e3927fabb8 mode 0
Event: 1.840 Thread 0x0000020d6ff3adf0 Uncommon trap: trap_request=0xffffff45 fr.pc=0x0000020d07b488d4 relative=0x0000000000000634
Event: 1.840 Thread 0x0000020d6ff3adf0 Uncommon trap: reason=unstable_if action=reinterpret pc=0x0000020d07b488d4 method=java.lang.String.replace(CC)Ljava/lang/String; @ 2 c2
Event: 1.840 Thread 0x0000020d6ff3adf0 DEOPT PACKING pc=0x0000020d07b488d4 sp=0x000000e3927fcb50
Event: 1.840 Thread 0x0000020d6ff3adf0 DEOPT UNPACKING pc=0x0000020d000523a3 sp=0x000000e3927fcb00 mode 2
Event: 2.112 Thread 0x0000020d0fddf390 Uncommon trap: trap_request=0xffffff45 fr.pc=0x0000020d07b66ed4 relative=0x0000000000000054
Event: 2.112 Thread 0x0000020d0fddf390 Uncommon trap: reason=unstable_if action=reinterpret pc=0x0000020d07b66ed4 method=java.lang.CharacterData.of(I)Ljava/lang/CharacterData; @ 15 c2
Event: 2.112 Thread 0x0000020d0fddf390 DEOPT PACKING pc=0x0000020d07b66ed4 sp=0x000000e394afdc80
Event: 2.112 Thread 0x0000020d0fddf390 DEOPT UNPACKING pc=0x0000020d000523a3 sp=0x000000e394afdc08 mode 2
Event: 13.517 Thread 0x0000020d6ff3adf0 Uncommon trap: trap_request=0xffffff45 fr.pc=0x0000020d07b533b8 relative=0x0000000000000f98
Event: 13.517 Thread 0x0000020d6ff3adf0 Uncommon trap: reason=unstable_if action=reinterpret pc=0x0000020d07b533b8 method=java.util.concurrent.ConcurrentHashMap.putVal(Ljava/lang/Object;Ljava/lang/Object;Z)Ljava/lang/Object; @ 231 c2
Event: 13.517 Thread 0x0000020d6ff3adf0 DEOPT PACKING pc=0x0000020d07b533b8 sp=0x000000e3927fcb30
Event: 13.517 Thread 0x0000020d6ff3adf0 DEOPT UNPACKING pc=0x0000020d000523a3 sp=0x000000e3927fcaa0 mode 2
Event: 14.102 Thread 0x0000020d6ff3adf0 Uncommon trap: trap_request=0xffffff45 fr.pc=0x0000020d07b29e14 relative=0x00000000000002f4
Event: 14.102 Thread 0x0000020d6ff3adf0 Uncommon trap: reason=unstable_if action=reinterpret pc=0x0000020d07b29e14 method=jdk.internal.org.objectweb.asm.SymbolTable.put(Ljdk/internal/org/objectweb/asm/SymbolTable$Entry;)Ljdk/internal/org/objectweb/asm/SymbolTable$Entry; @ 13 c2
Event: 14.102 Thread 0x0000020d6ff3adf0 DEOPT PACKING pc=0x0000020d07b29e14 sp=0x000000e3927fbd50
Event: 14.102 Thread 0x0000020d6ff3adf0 DEOPT UNPACKING pc=0x0000020d000523a3 sp=0x000000e3927fbcd0 mode 2

Classes unloaded (0 events):
No events

Classes redefined (0 events):
No events

Internal exceptions (20 events):
Event: 0.995 Thread 0x0000020d6ff3adf0 Exception <a 'java/lang/NoSuchMethodError'{0x00000000887e52d0}: 'java.lang.Object java.lang.invoke.DirectMethodHandle$Holder.newInvokeSpecial(java.lang.Object, long)'> (0x00000000887e52d0) 
thrown [s\open\src\hotspot\share\interpreter\linkResolver.cpp, line 759]
Event: 0.997 Thread 0x0000020d6ff3adf0 Exception <a 'java/lang/NoSuchMethodError'{0x00000000887efb48}: 'java.lang.Object java.lang.invoke.DirectMethodHandle$Holder.invokeStaticInit(java.lang.Object, java.lang.Object, long, java.lang.Object)'> (0x00000000887efb48) 
thrown [s\open\src\hotspot\share\interpreter\linkResolver.cpp, line 759]
Event: 0.997 Thread 0x0000020d6ff3adf0 Exception <a 'java/lang/NoSuchMethodError'{0x00000000887f6120}: 'java.lang.Object java.lang.invoke.DirectMethodHandle$Holder.newInvokeSpecial(java.lang.Object, java.lang.Object, long)'> (0x00000000887f6120) 
thrown [s\open\src\hotspot\share\interpreter\linkResolver.cpp, line 759]
Event: 0.998 Thread 0x0000020d6ff3adf0 Exception <a 'java/lang/NoSuchMethodError'{0x00000000887f9f38}: 'java.lang.Object java.lang.invoke.Invokers$Holder.linkToTargetMethod(java.lang.Object, long, java.lang.Object)'> (0x00000000887f9f38) 
thrown [s\open\src\hotspot\share\interpreter\linkResolver.cpp, line 759]
Event: 1.369 Thread 0x0000020d6ff3adf0 Exception <a 'java/lang/NoSuchMethodError'{0x000000008865a5a0}: 'double java.lang.invoke.DirectMethodHandle$Holder.invokeVirtual(java.lang.Object, java.lang.Object)'> (0x000000008865a5a0) 
thrown [s\open\src\hotspot\share\interpreter\linkResolver.cpp, line 759]
Event: 1.369 Thread 0x0000020d6ff3adf0 Exception <a 'java/lang/NoSuchMethodError'{0x0000000088660e00}: 'float java.lang.invoke.DirectMethodHandle$Holder.invokeVirtual(java.lang.Object, java.lang.Object)'> (0x0000000088660e00) 
thrown [s\open\src\hotspot\share\interpreter\linkResolver.cpp, line 759]
Event: 1.370 Thread 0x0000020d6ff3adf0 Exception <a 'java/lang/NoSuchMethodError'{0x000000008866a088}: 'long java.lang.invoke.DirectMethodHandle$Holder.invokeVirtual(java.lang.Object, java.lang.Object)'> (0x000000008866a088) 
thrown [s\open\src\hotspot\share\interpreter\linkResolver.cpp, line 759]
Event: 1.373 Thread 0x0000020d6ff3adf0 Exception <a 'java/lang/NoSuchMethodError'{0x0000000088516fe8}: 'java.lang.Object java.lang.invoke.DirectMethodHandle$Holder.invokeVirtual(java.lang.Object, java.lang.Object, java.lang.Object)'> (0x0000000088516fe8) 
thrown [s\open\src\hotspot\share\interpreter\linkResolver.cpp, line 759]
Event: 1.441 Thread 0x0000020d6ff3adf0 Exception <a 'java/lang/NoClassDefFoundError'{0x00000000882c1750}: org/slf4j/impl/StaticLoggerBinder> (0x00000000882c1750) 
thrown [s\open\src\hotspot\share\classfile\systemDictionary.cpp, line 245]
Event: 1.449 Thread 0x0000020d6ff3adf0 Exception <a 'java/lang/NoClassDefFoundError'{0x0000000088132068}> (0x0000000088132068) 
thrown [s\open\src\hotspot\share\oops\instanceKlass.cpp, line 1166]
Event: 1.450 Thread 0x0000020d6ff3adf0 Exception <a 'java/lang/NoClassDefFoundError'{0x000000008813f560}: org/apache/logging/log4j/spi/ExtendedLoggerWrapper> (0x000000008813f560) 
thrown [s\open\src\hotspot\share\classfile\systemDictionary.cpp, line 245]
Event: 1.451 Thread 0x0000020d6ff3adf0 Exception <a 'java/lang/NoClassDefFoundError'{0x000000008814cf90}: org/apache/log4j/Priority> (0x000000008814cf90) 
thrown [s\open\src\hotspot\share\classfile\systemDictionary.cpp, line 245]
Event: 1.572 Thread 0x0000020d6ff3adf0 Exception <a 'sun/nio/fs/WindowsException'{0x0000000087b2c278}> (0x0000000087b2c278) 
thrown [s\open\src\hotspot\share\prims\jni.cpp, line 516]
Event: 1.583 Thread 0x0000020d6ff3adf0 Exception <a 'java/lang/NoSuchMethodError'{0x0000000087b4d498}: 'int java.lang.invoke.DirectMethodHandle$Holder.invokeStaticInit(java.lang.Object, java.lang.Object, java.lang.Object, java.lang.Object)'> (0x0000000087b4d498) 
thrown [s\open\src\hotspot\share\interpreter\linkResolver.cpp, line 759]
Event: 1.831 Thread 0x0000020d6ff3adf0 Exception <a 'java/lang/IncompatibleClassChangeError'{0x000000008861b700}: Found class java.lang.Object, but interface was expected> (0x000000008861b700) 
thrown [s\open\src\hotspot\share\interpreter\linkResolver.cpp, line 826]
Event: 1.915 Thread 0x0000020d0fddeec0 Exception <a 'java/net/ConnectException'{0x0000000088482fe0}: Connection refused: no further information> (0x0000000088482fe0) 
thrown [s\open\src\hotspot\share\prims\jni.cpp, line 535]
Event: 1.915 Thread 0x0000020d0fddeec0 Exception <a 'java/net/SocketException'{0x0000000088483318}: Socket is not connected: shutdown> (0x0000000088483318) 
thrown [s\open\src\hotspot\share\prims\jni.cpp, line 535]
Event: 1.959 Thread 0x0000020d6ff3adf0 Exception <a 'java/lang/NoSuchMethodError'{0x00000000883db880}: 'void java.lang.invoke.DirectMethodHandle$Holder.invokeStatic(java.lang.Object, java.lang.Object, int)'> (0x00000000883db880) 
thrown [s\open\src\hotspot\share\interpreter\linkResolver.cpp, line 759]
Event: 1.991 Thread 0x0000020d6ff3adf0 Exception <a 'java/lang/NoSuchMethodError'{0x000000008802bac8}: 'int java.lang.invoke.DirectMethodHandle$Holder.invokeSpecialIFC(java.lang.Object, java.lang.Object, java.lang.Object)'> (0x000000008802bac8) 
thrown [s\open\src\hotspot\share\interpreter\linkResolver.cpp, line 759]
Event: 13.505 Thread 0x0000020d6ff3adf0 Exception <a 'java/lang/NoSuchMethodError'{0x00000000876f8e18}: 'java.lang.Object java.lang.invoke.DirectMethodHandle$Holder.invokeSpecialIFC(java.lang.Object, java.lang.Object, java.lang.Object)'> (0x00000000876f8e18) 
thrown [s\open\src\hotspot\share\interpreter\linkResolver.cpp, line 759]

VM Operations (20 events):
Event: 1.446 Executing VM operation: HandshakeAllThreads
Event: 1.446 Executing VM operation: HandshakeAllThreads done
Event: 1.457 Executing VM operation: HandshakeAllThreads
Event: 1.457 Executing VM operation: HandshakeAllThreads done
Event: 1.539 Executing VM operation: HandshakeAllThreads
Event: 1.539 Executing VM operation: HandshakeAllThreads done
Event: 1.573 Executing VM operation: HandshakeAllThreads
Event: 1.573 Executing VM operation: HandshakeAllThreads done
Event: 1.736 Executing VM operation: G1CollectForAllocation
Event: 1.741 Executing VM operation: G1CollectForAllocation done
Event: 1.940 Executing VM operation: HandshakeAllThreads
Event: 1.940 Executing VM operation: HandshakeAllThreads done
Event: 1.940 Executing VM operation: HandshakeAllThreads
Event: 1.940 Executing VM operation: HandshakeAllThreads done
Event: 1.941 Executing VM operation: HandshakeAllThreads
Event: 1.941 Executing VM operation: HandshakeAllThreads done
Event: 2.944 Executing VM operation: Cleanup
Event: 2.944 Executing VM operation: Cleanup done
Event: 14.024 Executing VM operation: Cleanup
Event: 14.024 Executing VM operation: Cleanup done

Events (20 events):
Event: 13.574 loading class java/util/stream/ReferencePipeline$4
Event: 13.575 loading class java/util/stream/ReferencePipeline$4 done
Event: 13.575 loading class java/util/function/IntBinaryOperator
Event: 13.575 loading class java/util/function/IntBinaryOperator done
Event: 13.575 loading class java/util/stream/ReduceOps$6
Event: 13.575 loading class java/util/stream/ReduceOps$6 done
Event: 13.575 loading class java/util/stream/ReduceOps$5ReducingSink
Event: 13.575 loading class java/util/stream/ReduceOps$5ReducingSink done
Event: 13.576 loading class java/util/stream/ReferencePipeline$4$1
Event: 13.576 loading class java/util/stream/ReferencePipeline$4$1 done
Event: 13.806 loading class java/util/concurrent/ConcurrentLinkedDeque$Itr
Event: 13.807 loading class java/util/concurrent/ConcurrentLinkedDeque$AbstractItr
Event: 13.807 loading class java/util/concurrent/ConcurrentLinkedDeque$AbstractItr done
Event: 13.807 loading class java/util/concurrent/ConcurrentLinkedDeque$Itr done
Event: 14.093 loading class java/time/Instant$1
Event: 14.093 loading class java/time/Instant$1 done
Event: 14.107 loading class jdk/internal/reflect/UnsafeObjectFieldAccessorImpl
Event: 14.108 loading class jdk/internal/reflect/UnsafeObjectFieldAccessorImpl done
Event: 14.108 loading class java/util/AbstractList$ListItr
Event: 14.108 loading class java/util/AbstractList$ListItr done


Dynamic libraries:
0x00007ff68b460000 - 0x00007ff68b470000 	C:\Program Files\Java\jdk-17.0.5\bin\java.exe
0x00007fff41730000 - 0x00007fff41928000 	C:\Windows\SYSTEM32\ntdll.dll
0x00007fff2f1c0000 - 0x00007fff2f1d9000 	C:\Program Files\Avast Software\Avast\aswhook.dll
0x00007fff3f820000 - 0x00007fff3f8df000 	C:\Windows\System32\KERNEL32.DLL
0x00007fff3f490000 - 0x00007fff3f786000 	C:\Windows\System32\KERNELBASE.dll
0x00007fff3f360000 - 0x00007fff3f460000 	C:\Windows\System32\ucrtbase.dll
0x00007fff39a00000 - 0x00007fff39a18000 	C:\Program Files\Java\jdk-17.0.5\bin\jli.dll
0x00007fff399e0000 - 0x00007fff399fa000 	C:\Program Files\Java\jdk-17.0.5\bin\VCRUNTIME140.dll
0x00007fff40790000 - 0x00007fff4083f000 	C:\Windows\System32\ADVAPI32.dll
0x00007fff40500000 - 0x00007fff4059e000 	C:\Windows\System32\msvcrt.dll
0x00007fff41650000 - 0x00007fff416ec000 	C:\Windows\System32\sechost.dll
0x00007fff405a0000 - 0x00007fff406c6000 	C:\Windows\System32\RPCRT4.dll
0x00007fff408d0000 - 0x00007fff40a6d000 	C:\Windows\System32\USER32.dll
0x00007fff3ee10000 - 0x00007fff3ee32000 	C:\Windows\System32\win32u.dll
0x00007fff2cc10000 - 0x00007fff2ceaa000 	C:\Windows\WinSxS\amd64_microsoft.windows.common-controls_6595b64144ccf1df_6.0.19041.1110_none_60b5254171f9507e\COMCTL32.dll
0x00007fff3f790000 - 0x00007fff3f7bc000 	C:\Windows\System32\GDI32.dll
0x00007fff3f190000 - 0x00007fff3f2a5000 	C:\Windows\System32\gdi32full.dll
0x00007fff3ee40000 - 0x00007fff3eedd000 	C:\Windows\System32\msvcp_win.dll
0x00007fff38ae0000 - 0x00007fff38aea000 	C:\Windows\SYSTEM32\VERSION.dll
0x00007fff40f80000 - 0x00007fff40fb0000 	C:\Windows\System32\IMM32.DLL
0x00007fff399d0000 - 0x00007fff399dc000 	C:\Program Files\Java\jdk-17.0.5\bin\vcruntime140_1.dll
0x00007fff2b4e0000 - 0x00007fff2b56d000 	C:\Program Files\Java\jdk-17.0.5\bin\msvcp140.dll
0x00007ffeb2ce0000 - 0x00007ffeb38a2000 	C:\Program Files\Java\jdk-17.0.5\bin\server\jvm.dll
0x00007fff406d0000 - 0x00007fff406d8000 	C:\Windows\System32\PSAPI.DLL
0x00007fff323b0000 - 0x00007fff323b9000 	C:\Windows\SYSTEM32\WSOCK32.dll
0x00007fff2d360000 - 0x00007fff2d387000 	C:\Windows\SYSTEM32\WINMM.dll
0x00007fff40eb0000 - 0x00007fff40f1b000 	C:\Windows\System32\WS2_32.dll
0x00007fff3cc00000 - 0x00007fff3cc12000 	C:\Windows\SYSTEM32\kernel.appcore.dll
0x00007fff361d0000 - 0x00007fff361da000 	C:\Program Files\Java\jdk-17.0.5\bin\jimage.dll
0x00007fff37380000 - 0x00007fff37564000 	C:\Windows\SYSTEM32\DBGHELP.DLL
0x00007fff37280000 - 0x00007fff372b4000 	C:\Windows\SYSTEM32\dbgcore.DLL
0x00007fff3ef30000 - 0x00007fff3efb2000 	C:\Windows\System32\bcryptPrimitives.dll
0x00007fff35420000 - 0x00007fff3542e000 	C:\Program Files\Java\jdk-17.0.5\bin\instrument.dll
0x00007fff35360000 - 0x00007fff35385000 	C:\Program Files\Java\jdk-17.0.5\bin\java.dll
0x00007fff0cba0000 - 0x00007fff0cc76000 	C:\Program Files\Java\jdk-17.0.5\bin\jsvml.dll
0x00007fff3f940000 - 0x00007fff40084000 	C:\Windows\System32\SHELL32.dll
0x00007fff3cee0000 - 0x00007fff3d674000 	C:\Windows\SYSTEM32\windows.storage.dll
0x00007fff40a70000 - 0x00007fff40dc4000 	C:\Windows\System32\combase.dll
0x00007fff3e850000 - 0x00007fff3e87e000 	C:\Windows\SYSTEM32\Wldp.dll
0x00007fff406e0000 - 0x00007fff4078d000 	C:\Windows\System32\SHCORE.dll
0x00007fff3f8e0000 - 0x00007fff3f935000 	C:\Windows\System32\shlwapi.dll
0x00007fff3ed40000 - 0x00007fff3ed65000 	C:\Windows\SYSTEM32\profapi.dll
0x00007fff352c0000 - 0x00007fff352d8000 	C:\Program Files\Java\jdk-17.0.5\bin\zip.dll
0x00007fff35340000 - 0x00007fff35359000 	C:\Program Files\Java\jdk-17.0.5\bin\net.dll
0x00007fff379e0000 - 0x00007fff37aea000 	C:\Windows\SYSTEM32\WINHTTP.dll
0x00007fff3e5b0000 - 0x00007fff3e61a000 	C:\Windows\system32\mswsock.dll
0x00007fff35320000 - 0x00007fff35336000 	C:\Program Files\Java\jdk-17.0.5\bin\nio.dll
0x00007fff2f1a0000 - 0x00007fff2f1ba000 	C:\Program Files\JetBrains\IntelliJ IDEA Community Edition 2022.3.1\bin\breakgen64.dll
0x00007fff3e7a0000 - 0x00007fff3e7b8000 	C:\Windows\SYSTEM32\CRYPTSP.dll
0x00007fff3de60000 - 0x00007fff3de94000 	C:\Windows\system32\rsaenh.dll
0x00007fff3f460000 - 0x00007fff3f487000 	C:\Windows\System32\bcrypt.dll
0x00007fff3ecc0000 - 0x00007fff3ecee000 	C:\Windows\SYSTEM32\USERENV.dll
0x00007fff3e7c0000 - 0x00007fff3e7cc000 	C:\Windows\SYSTEM32\CRYPTBASE.dll
0x00007fff3e250000 - 0x00007fff3e28c000 	C:\Windows\SYSTEM32\IPHLPAPI.DLL
0x00007fff41280000 - 0x00007fff41288000 	C:\Windows\System32\NSI.dll
0x00007fff39210000 - 0x00007fff39227000 	C:\Windows\SYSTEM32\dhcpcsvc6.DLL
0x00007fff391f0000 - 0x00007fff3920d000 	C:\Windows\SYSTEM32\dhcpcsvc.DLL
0x00007fff3e290000 - 0x00007fff3e35a000 	C:\Windows\SYSTEM32\DNSAPI.dll
0x00007fff340e0000 - 0x00007fff340ea000 	C:\Windows\System32\rasadhlp.dll
0x00007fff34190000 - 0x00007fff34212000 	C:\Windows\System32\fwpuclnt.dll
0x00007fff3c700000 - 0x00007fff3c791000 	C:\Windows\system32\apphelp.dll
0x00007fff399b0000 - 0x00007fff399c0000 	C:\Program Files\Java\jdk-17.0.5\bin\verify.dll
0x00007fff399a0000 - 0x00007fff399a9000 	C:\Program Files\Java\jdk-17.0.5\bin\management.dll
0x00007fff38510000 - 0x00007fff3851b000 	C:\Program Files\Java\jdk-17.0.5\bin\management_ext.dll
0x00007fff35390000 - 0x00007fff3539e000 	C:\Program Files\Java\jdk-17.0.5\bin\sunmscapi.dll
0x00007fff3f030000 - 0x00007fff3f18e000 	C:\Windows\System32\CRYPT32.dll
0x00007fff3e8c0000 - 0x00007fff3e8e8000 	C:\Windows\SYSTEM32\ncrypt.dll
0x00007fff3e880000 - 0x00007fff3e8bb000 	C:\Windows\SYSTEM32\NTASN1.dll
0x00007fff3a120000 - 0x00007fff3a127000 	C:\Windows\system32\wshunix.dll

dbghelp: loaded successfully - version: 4.0.5 - missing functions: none
symbol engine: initialized successfully - sym options: 0x614 - pdb path: .;C:\Program Files\Java\jdk-17.0.5\bin;C:\Windows\SYSTEM32;C:\Program Files\Avast Software\Avast;C:\Windows\WinSxS\amd64_microsoft.windows.common-controls_6595b64144ccf1df_6.0.19041.1110_none_60b5254171f9507e;C:\Program Files\Java\jdk-17.0.5\bin\server;C:\Program Files\JetBrains\IntelliJ IDEA Community Edition 2022.3.1\bin

VM Arguments:
jvm_args: -Dorg.jetbrains.run.directory=C:\Users\intel\IdeaProjects\Cucumber-framework-MorgageApplication\src\test\resources -javaagent:C:\Program Files\JetBrains\IntelliJ IDEA Community Edition 2022.3.1\lib\idea_rt.jar=64352:C:\Program Files\JetBrains\IntelliJ IDEA Community Edition 2022.3.1\bin -Dfile.encoding=UTF-8 
java_command: io.cucumber.core.cli.Main --plugin org.jetbrains.plugins.cucumber.java.run.CucumberJvm5SMFormatter --name ^Fill Credit Report page$ --glue stepDefinitions C:/Users/intel/IdeaProjects/Cucumber-framework-MorgageApplication/src/test/resources/CreditReport.feature
java_class_path (initial): C:\Users\intel\IdeaProjects\Cucumber-framework-MorgageApplication\target\test-classes;C:\Users\intel\.m2\repository\org\seleniumhq\selenium\selenium-java\4.9.1\selenium-java-4.9.1.jar;C:\Users\intel\.m2\repository\org\seleniumhq\selenium\selenium-api\4.9.1\selenium-api-4.9.1.jar;C:\Users\intel\.m2\repository\org\seleniumhq\selenium\selenium-chrome-driver\4.9.1\selenium-chrome-driver-4.9.1.jar;C:\Users\intel\.m2\repository\com\google\auto\service\auto-service-annotations\1.0.1\auto-service-annotations-1.0.1.jar;C:\Users\intel\.m2\repository\com\google\auto\service\auto-service\1.0.1\auto-service-1.0.1.jar;C:\Users\intel\.m2\repository\com\google\auto\auto-common\1.2\auto-common-1.2.jar;C:\Users\intel\.m2\repository\com\google\guava\guava\31.1-jre\guava-31.1-jre.jar;C:\Users\intel\.m2\repository\com\google\guava\failureaccess\1.0.1\failureaccess-1.0.1.jar;C:\Users\intel\.m2\repository\com\google\guava\listenablefuture\9999.0-empty-to-avoid-conflict-with-guava\listenablefuture-9999.0-empty-to-avoid-conflict-with-guava.jar;C:\Users\intel\.m2\repository\com\google\code\findbugs\jsr305\3.0.2\jsr305-3.0.2.jar;C:\Users\intel\.m2\repository\org\checkerframework\checker-qual\3.12.0\checker-qual-3.12.0.jar;C:\Users\intel\.m2\repository\com\google\errorprone\error_prone_annotations\2.11.0\error_prone_annotations-2.11.0.jar;C:\Users\intel\.m2\repository\com\google\j2objc\j2objc-annotations\1.3\j2objc-annotations-1.3.jar;C:\Users\intel\.m2\repository\org\seleniumhq\selenium\selenium-chromium-driver\4.9.1\selenium-chromium-driver-4.9.1.jar;C:\Users\intel\.m2\repository\org\seleniumhq\selenium\selenium-json\4.9.1\selenium-json-4.9.1.jar;C:\Users\intel\.m2\repository\org\seleniumhq\selenium\selenium-manager\4.9.1\selenium-manager-4.9.1.jar;C:\Users\intel\.m2\repository\org\seleniumhq\selenium\selenium-devtools-v111\4.9.1\selenium-devtools-v111-4.9.1.jar;C:\Users\intel\.m2\repository\org\seleniumhq\selenium\selenium-devtools-v112\4.9.1\selenium-devtools-v
Launcher Type: SUN_STANDARD

[Global flags]
     intx CICompilerCount                          = 3                                         {product} {ergonomic}
     uint ConcGCThreads                            = 2                                         {product} {ergonomic}
     uint G1ConcRefinementThreads                  = 6                                         {product} {ergonomic}
   size_t G1HeapRegionSize                         = 1048576                                   {product} {ergonomic}
    uintx GCDrainStackTargetSize                   = 64                                        {product} {ergonomic}
   size_t InitialHeapSize                          = 134217728                                 {product} {ergonomic}
   size_t MarkStackSize                            = 4194304                                   {product} {ergonomic}
   size_t MaxHeapSize                              = 2134900736                                {product} {ergonomic}
   size_t MaxNewSize                               = 1280311296                                {product} {ergonomic}
   size_t MinHeapDeltaBytes                        = 1048576                                   {product} {ergonomic}
   size_t MinHeapSize                              = 8388608                                   {product} {ergonomic}
    uintx NonNMethodCodeHeapSize                   = 5832780                                {pd product} {ergonomic}
    uintx NonProfiledCodeHeapSize                  = 122912730                              {pd product} {ergonomic}
    uintx ProfiledCodeHeapSize                     = 122912730                              {pd product} {ergonomic}
    uintx ReservedCodeCacheSize                    = 251658240                              {pd product} {ergonomic}
     bool SegmentedCodeCache                       = true                                      {product} {ergonomic}
   size_t SoftMaxHeapSize                          = 2134900736                             {manageable} {ergonomic}
     bool UseCompressedClassPointers               = true                           {product lp64_product} {ergonomic}
     bool UseCompressedOops                        = true                           {product lp64_product} {ergonomic}
     bool UseG1GC                                  = true                                      {product} {ergonomic}
     bool UseLargePagesIndividualAllocation        = false                                  {pd product} {ergonomic}

Logging:
Log output configuration:
 #0: stdout all=warning uptime,level,tags
 #1: stderr all=off uptime,level,tags

Environment Variables:
JAVA_HOME=C:\Program Files\Java\jdk-17.0.5
PATH=C:\Program Files\Common Files\Oracle\Java\javapath;C:\Program Files (x86)\Common Files\Oracle\Java\javapath;C:\Windows\system32;C:\Windows;C:\Windows\System32\Wbem;C:\Windows\System32\WindowsPowerShell\v1.0\;C:\Windows\System32\OpenSSH\;C:\Program Files\Java\jdk-17.0.5\bin;C:\Program Files\Java\jdk-17.0.5\bin;C:\apache-maven-3.9.2\bin;C:\Program Files\Git\cmd;C:\Program Files\MySQL\MySQL Shell 8.0\bin\;C:\Users\intel\AppData\Local\Microsoft\WindowsApps;;C:\Program Files\JetBrains\IntelliJ IDEA Community Edition 2022.3.1\bin;
USERNAME=intel
OS=Windows_NT
PROCESSOR_IDENTIFIER=Intel64 Family 6 Model 158 Stepping 10, GenuineIntel



---------------  S Y S T E M  ---------------

OS:
 Windows 10 , 64 bit Build 19041 (10.0.19041.3155)
OS uptime: 21 days 13:14 hours

CPU: total 6 (initial active 6) (6 cores per cpu, 1 threads per core) family 6 model 158 stepping 10 microcode 0xb4, cx8, cmov, fxsr, mmx, 3dnowpref, sse, sse2, sse3, ssse3, sse4.1, sse4.2, popcnt, lzcnt, tsc, tscinvbit, avx, avx2, aes, erms, clmul, bmi1, bmi2, adx, fma, vzeroupper, clflush, clflushopt

Memory: 4k page, system-wide physical 8143M (459M free)
TotalPageFile size 32719M (AvailPageFile size 6M)
current process WorkingSet (physical memory assigned to process): 138M, peak: 138M
current process commit charge ("private bytes"): 268M, peak: 269M

vm_info: Java HotSpot(TM) 64-Bit Server VM (17.0.5+9-LTS-191) for windows-amd64 JRE (17.0.5+9-LTS-191), built on Sep 13 2022 17:31:43 by "mach5one" with MS VC++ 16.8 / 16.9 (VS2019)

END.
